<?xml version="1.0" encoding="UTF-8"?>
<!-- Generated by org.testng.reporters.JUnitXMLReporter -->
<testsuite hostname="ADMIN-PC" ignored="0" name="Contact" tests="3" failures="0" timestamp="2020-10-19T00:15:16 IST" time="62.074" errors="0">
  <testcase name="addContactTest" time="0.0" classname="com.crm.qa.testcases.ContactsTestCases">
    <skipped/>
  </testcase> <!-- addContactTest -->
  <testcase name="deleteContacts" time="0.0" classname="com.crm.qa.testcases.ContactsTestCases">
    <skipped/>
  </testcase> <!-- deleteContacts -->
  <testcase name="contactInfoTest" time="0.632" classname="com.crm.qa.testcases.ContactsTestCases"/>
</testsuite> <!-- Contact -->
