<?xml version="1.0" encoding="UTF-8"?>
<!-- Generated by org.testng.reporters.JUnitXMLReporter -->
<testsuite hostname="ADMIN-PC" ignored="0" name="Product" tests="4" failures="1" timestamp="2020-11-01T15:55:24 IST" time="152.405" errors="0">
  <testcase name="@AfterMethod afterMethod" time="0.002" classname="com.crm.qa.base.BaseClass">
    <failure type="java.lang.NullPointerException">
      <![CDATA[java.lang.NullPointerException
at com.crm.qa.base.BaseClass.afterMethod(BaseClass.java:403)
at java.util.ArrayList.forEach(ArrayList.java:1249)
... Removed 32 stack frames]]>
    </failure>
  </testcase> <!-- @AfterMethod afterMethod -->
  <testcase name="@AfterMethod afterMethod" time="-1.604226280314E9" classname="com.crm.qa.base.BaseClass">
    <skipped/>
  </testcase> <!-- @AfterMethod afterMethod -->
  <testcase name="@AfterMethod afterMethod" time="-1.604226301186E9" classname="com.crm.qa.base.BaseClass">
    <skipped/>
  </testcase> <!-- @AfterMethod afterMethod -->
  <testcase name="@AfterMethod afterMethod" time="-1.604226322853E9" classname="com.crm.qa.base.BaseClass">
    <skipped/>
  </testcase> <!-- @AfterMethod afterMethod -->
  <testcase name="@AfterClass tearDown" time="-1.604226322869E9" classname="com.crm.qa.base.BaseClass">
    <skipped/>
  </testcase> <!-- @AfterClass tearDown -->
  <testcase name="addDeals" time="33.476" classname="com.crm.qa.testcases.DealsTestCase">
    <skipped/>
  </testcase> <!-- addDeals -->
  <testcase name="addDeals" time="20.652" classname="com.crm.qa.testcases.DealsTestCase">
    <skipped/>
  </testcase> <!-- addDeals -->
  <testcase name="addDeals" time="20.84" classname="com.crm.qa.testcases.DealsTestCase">
    <skipped/>
  </testcase> <!-- addDeals -->
  <testcase name="addDeals" time="20.253" classname="com.crm.qa.testcases.DealsTestCase">
    <failure type="java.lang.NullPointerException">
      <![CDATA[java.lang.NullPointerException
at com.crm.qa.base.BaseClass.Lookupwindow(BaseClass.java:169)
at com.crm.qa.pages.DealsPage.searchbyLookup(DealsPage.java:49)
at com.crm.qa.pages.DealsPage.NewDeals(DealsPage.java:23)
at com.crm.qa.testcases.DealsTestCase.addDeals(DealsTestCase.java:40)
at java.util.ArrayList.forEach(ArrayList.java:1249)
... Removed 27 stack frames]]>
    </failure>
  </testcase> <!-- addDeals -->
</testsuite> <!-- Product -->
