<?xml version="1.0" encoding="UTF-8"?>
<!-- Generated by org.testng.reporters.JUnitXMLReporter -->
<testsuite hostname="ADMIN-PC" ignored="0" name="Test" tests="3" failures="0" timestamp="2020-10-11T00:33:19 IST" time="0.667" errors="0">
  <testcase name="@BeforeSuite Initalize" time="0.11" classname="com.crm.qa.base.BaseClass">
    <failure type="java.lang.NullPointerException">
      <![CDATA[java.lang.NullPointerException
at com.crm.qa.base.BaseClass.Initalize(BaseClass.java:87)
... Removed 19 stack frames]]>
    </failure>
  </testcase> <!-- @BeforeSuite Initalize -->
  <testcase name="@BeforeClass setup" time="-1.602356597842E9" classname="com.crm.qa.base.BaseClass">
    <skipped/>
  </testcase> <!-- @BeforeClass setup -->
  <testcase name="@AfterMethod afterMethod" time="-1.602356598206E9" classname="com.crm.qa.base.BaseClass">
    <skipped/>
  </testcase> <!-- @AfterMethod afterMethod -->
  <testcase name="@AfterMethod afterMethod" time="-1.602356598224E9" classname="com.crm.qa.base.BaseClass">
    <skipped/>
  </testcase> <!-- @AfterMethod afterMethod -->
  <testcase name="@AfterMethod afterMethod" time="-1.602356598374E9" classname="com.crm.qa.base.BaseClass">
    <skipped/>
  </testcase> <!-- @AfterMethod afterMethod -->
  <testcase name="@AfterClass tearDown" time="-1.602356598405E9" classname="com.crm.qa.base.BaseClass">
    <skipped/>
  </testcase> <!-- @AfterClass tearDown -->
  <testcase name="imageTest" time="0.0" classname="com.crm.qa.testcases.LoginPageTestcases">
    <skipped/>
  </testcase> <!-- imageTest -->
  <testcase name="loginTest" time="0.0" classname="com.crm.qa.testcases.LoginPageTestcases">
    <skipped/>
  </testcase> <!-- loginTest -->
  <testcase name="verifytitleTest" time="0.0" classname="com.crm.qa.testcases.LoginPageTestcases">
    <skipped/>
  </testcase> <!-- verifytitleTest -->
</testsuite> <!-- Test -->
