<?xml version="1.0" encoding="UTF-8"?>
<testsuite name="Test"
           tests="10"
           failures="1"
           errors="0"
           skipped="9"
           time="-9614139590.225">
  <properties />
            <testcase name="Initalize" time="0.110" classname="com.crm.qa.testcases.LoginPageTestcases">
                <failure type="java.lang.NullPointerException"
                  message="(null)"
              >
<![CDATA[java.lang.NullPointerException
  com.crm.qa.base.BaseClass.Initalize(BaseClass.java:87)
  sun.reflect.NativeMethodAccessorImpl.invoke0(Native Method)
  sun.reflect.NativeMethodAccessorImpl.invoke(NativeMethodAccessorImpl.java:62)
  sun.reflect.DelegatingMethodAccessorImpl.invoke(DelegatingMethodAccessorImpl.java:43)
  java.lang.reflect.Method.invoke(Method.java:498)
  org.testng.internal.MethodInvocationHelper.invokeMethod(MethodInvocationHelper.java:132)
  org.testng.internal.MethodInvocationHelper.invokeMethodConsideringTimeout(MethodInvocationHelper.java:61)
  org.testng.internal.ConfigInvoker.invokeConfigurationMethod(ConfigInvoker.java:366)
  org.testng.internal.ConfigInvoker.invokeConfigurations(ConfigInvoker.java:320)
  org.testng.SuiteRunner.privateRun(SuiteRunner.java:327)
  org.testng.SuiteRunner.run(SuiteRunner.java:286)
  org.testng.SuiteRunnerWorker.runSuite(SuiteRunnerWorker.java:53)
  org.testng.SuiteRunnerWorker.run(SuiteRunnerWorker.java:96)
  org.testng.TestNG.runSuitesSequentially(TestNG.java:1218)
  org.testng.TestNG.runSuitesLocally(TestNG.java:1140)
  org.testng.TestNG.runSuites(TestNG.java:1069)
  org.testng.TestNG.run(TestNG.java:1037)
  org.testng.remote.AbstractRemoteTestNG.run(AbstractRemoteTestNG.java:115)
  org.testng.remote.RemoteTestNG.initAndRun(RemoteTestNG.java:251)
  org.testng.remote.RemoteTestNG.main(RemoteTestNG.java:77)
]]>
      </failure>

          </testcase>
  
            <testcase name="afterMethod" time="0.0" classname="com.crm.qa.testcases.LoginPageTestcases">
          <skipped />
    </testcase>
            <testcase name="setup" time="0.0" classname="com.crm.qa.testcases.LoginPageTestcases">
          <skipped />
    </testcase>
            <testcase name="tearDown" time="0.0" classname="com.crm.qa.testcases.LoginPageTestcases">
          <skipped />
    </testcase>
            <testcase name="afterMethod" time="0.0" classname="com.crm.qa.testcases.LoginPageTestcases">
          <skipped />
    </testcase>
            <testcase name="afterMethod" time="0.0" classname="com.crm.qa.testcases.LoginPageTestcases">
          <skipped />
    </testcase>
            <testcase name="finish" time="0.0" classname="com.crm.qa.testcases.LoginPageTestcases">
          <skipped />
    </testcase>
            <testcase name="loginTest" time="0.0" classname="com.crm.qa.testcases.LoginPageTestcases">
          <skipped />
    </testcase>
            <testcase name="imageTest" time="0.0" classname="com.crm.qa.testcases.LoginPageTestcases">
          <skipped />
    </testcase>
            <testcase name="verifytitleTest" time="0.0" classname="com.crm.qa.testcases.LoginPageTestcases">
          <skipped />
    </testcase>
  
  
</testsuite>
