<?xml version="1.0" encoding="UTF-8"?>
<testng-results skipped="0" failed="0" ignored="0" total="0" passed="0">
  <reporter-output>
  </reporter-output>
  <suite name="Suite" duration-ms="115169" started-at="2020-10-03T14:26:01 IST" finished-at="2020-10-03T14:27:56 IST">
    <groups>
    </groups>
    <test name="Test" duration-ms="115169" started-at="2020-10-03T14:26:01 IST" finished-at="2020-10-03T14:27:56 IST">
      <class name="com.crm.qa.testcases.ContactsTestCases">
        <test-method status="PASS" signature="Initalize(java.lang.String, java.lang.String)[pri:0, instance:com.crm.qa.testcases.ContactsTestCases@34cd072c]" name="Initalize" is-config="true" duration-ms="108599" started-at="2020-10-03T14:26:01 IST" finished-at="2020-10-03T14:27:49 IST">
          <params>
            <param index="0">
              <value>
                <![CDATA[chrome]]>
              </value>
            </param>
            <param index="1">
              <value>
                <![CDATA[https://classic.crmpro.com/index.html]]>
              </value>
            </param>
          </params>
          <reporter-output>
          </reporter-output>
        </test-method> <!-- Initalize -->
        <test-method status="PASS" signature="tearDown()[pri:0, instance:com.crm.qa.testcases.ContactsTestCases@34cd072c]" name="tearDown" is-config="true" duration-ms="2703" started-at="2020-10-03T14:27:53 IST" finished-at="2020-10-03T14:27:56 IST">
          <reporter-output>
          </reporter-output>
        </test-method> <!-- tearDown -->
      </class> <!-- com.crm.qa.testcases.ContactsTestCases -->
    </test> <!-- Test -->
  </suite> <!-- Suite -->
</testng-results>
